c:\users\pofig\source\repos\toxchat\toxchat\x64\debug\vc142.pdb
c:\users\pofig\source\repos\toxchat\toxchat\x64\debug\vc142.idb
c:\users\pofig\source\repos\toxchat\toxchat\x64\debug\qrc_mainwindow.obj
c:\users\pofig\source\repos\toxchat\toxchat\x64\debug\main.obj
c:\users\pofig\source\repos\toxchat\toxchat\x64\debug\mainwindow.obj
c:\users\pofig\source\repos\toxchat\toxchat\x64\debug\moc_mainwindow.obj
c:\users\pofig\source\repos\toxchat\toxchat\x64\debug\moc\moc_mainwindow.cpp
c:\users\pofig\source\repos\toxchat\toxchat\x64\debug\rcc\qrc_mainwindow.cpp
c:\users\pofig\source\repos\toxchat\toxchat\x64\debug\uic\ui_mainwindow.h
c:\users\pofig\source\repos\toxchat\x64\debug\toxchat.pdb
c:\users\pofig\source\repos\toxchat\toxchat\x64\debug\toxchat.tlog\cl.command.1.tlog
c:\users\pofig\source\repos\toxchat\toxchat\x64\debug\toxchat.tlog\cl.read.1.tlog
c:\users\pofig\source\repos\toxchat\toxchat\x64\debug\toxchat.tlog\cl.write.1.tlog
c:\users\pofig\source\repos\toxchat\toxchat\x64\debug\toxchat.tlog\link-cvtres.read.1.tlog
c:\users\pofig\source\repos\toxchat\toxchat\x64\debug\toxchat.tlog\link-cvtres.write.1.tlog
c:\users\pofig\source\repos\toxchat\toxchat\x64\debug\toxchat.tlog\link-rc.read.1.tlog
c:\users\pofig\source\repos\toxchat\toxchat\x64\debug\toxchat.tlog\link-rc.write.1.tlog
c:\users\pofig\source\repos\toxchat\toxchat\x64\debug\toxchat.tlog\link.15464-cvtres.read.1.tlog
c:\users\pofig\source\repos\toxchat\toxchat\x64\debug\toxchat.tlog\link.15464-cvtres.write.1.tlog
c:\users\pofig\source\repos\toxchat\toxchat\x64\debug\toxchat.tlog\link.15464-rc.read.1.tlog
c:\users\pofig\source\repos\toxchat\toxchat\x64\debug\toxchat.tlog\link.15464-rc.write.1.tlog
c:\users\pofig\source\repos\toxchat\toxchat\x64\debug\toxchat.tlog\link.15464.read.1.tlog
c:\users\pofig\source\repos\toxchat\toxchat\x64\debug\toxchat.tlog\link.15464.write.1.tlog
c:\users\pofig\source\repos\toxchat\toxchat\x64\debug\toxchat.tlog\link.command.1.tlog
c:\users\pofig\source\repos\toxchat\toxchat\x64\debug\toxchat.tlog\link.read.1.tlog
c:\users\pofig\source\repos\toxchat\toxchat\x64\debug\toxchat.tlog\link.write.1.tlog
c:\users\pofig\source\repos\toxchat\toxchat\x64\debug\toxchat.tlog\moc.read.1u.tlog
c:\users\pofig\source\repos\toxchat\toxchat\x64\debug\toxchat.tlog\moc.write.1u.tlog
c:\users\pofig\source\repos\toxchat\toxchat\x64\debug\toxchat.tlog\rcc.read.1u.tlog
c:\users\pofig\source\repos\toxchat\toxchat\x64\debug\toxchat.tlog\rcc.write.1u.tlog
c:\users\pofig\source\repos\toxchat\toxchat\x64\debug\toxchat.tlog\toxchat.write.1u.tlog
c:\users\pofig\source\repos\toxchat\toxchat\x64\debug\toxchat.tlog\uic.read.1u.tlog
c:\users\pofig\source\repos\toxchat\toxchat\x64\debug\toxchat.tlog\uic.write.1u.tlog
